
=== Thu Jul 29 16:07:43 2021

Packages were changed.
Update Mode: mergeDefaultDependencies

The following packages were updated:
  com.unity.analytics from version 3.2.2 to 3.3.2
  com.unity.collab-proxy from version 1.2.9 to 1.2.16
  com.unity.package-manager-ui from version 2.1.1 to 2.1.2
  com.unity.purchasing from version 2.0.1 to 2.0.6
  com.unity.textmeshpro from version 1.3.0 to 2.0.1
  com.unity.timeline from version 0.0.0-builtin to 1.0.0

=== Sun Aug  8 06:55:27 2021

Packages were changed.
Update Mode: updateDependencies

The following packages were added:
  com.unity.2d.sprite@1.0.0
  com.unity.2d.tilemap@1.0.0
  com.unity.ide.rider@1.2.1
  com.unity.ide.visualstudio@2.0.9
  com.unity.ide.vscode@1.2.3
  com.unity.modules.androidjni@1.0.0
  com.unity.test-framework@1.1.27
  com.unity.ugui@1.0.0
The following packages were updated:
  com.unity.ads from version 2.0.8 to 3.7.1
  com.unity.analytics from version 3.3.2 to 3.3.5
  com.unity.collab-proxy from version 1.2.16 to 1.6.0
  com.unity.purchasing from version 2.0.6 to 3.2.2
  com.unity.textmeshpro from version 2.0.1 to 2.1.4
  com.unity.timeline from version 1.0.0 to 1.2.18
The following packages were removed:
  com.unity.package-manager-ui@2.1.2

=== Thu Jul  4 13:40:50 2024

Packages were changed.
Update Mode: updateDependencies

The following packages were updated:
  com.unity.ads from version 3.7.1 to 4.1.0
  com.unity.analytics from version 3.3.5 to 3.7.1
  com.unity.collab-proxy from version 1.6.0 to 1.17.0
  com.unity.ide.rider from version 1.2.1 to 3.0.15
  com.unity.ide.visualstudio from version 2.0.9 to 2.0.16
  com.unity.ide.vscode from version 1.2.3 to 1.2.5
  com.unity.ml-agents from version 1.0.8 to 2.0.1
  com.unity.purchasing from version 3.2.2 to 4.1.5
  com.unity.test-framework from version 1.1.27 to 1.1.31
  com.unity.textmeshpro from version 2.1.4 to 3.0.6
  com.unity.timeline from version 1.2.18 to 1.7.1

=== Wed Jul 10 14:54:26 2024

Packages were changed.
Update Mode: updateDependencies

The following packages were added:
  com.unity.ai.navigation@1.1.5
The following packages were updated:
  com.unity.ads from version 4.1.0 to 4.4.2
  com.unity.analytics from version 3.7.1 to 3.8.1
  com.unity.collab-proxy from version 1.17.0 to 2.2.0
  com.unity.ide.rider from version 3.0.15 to 3.0.27
  com.unity.ide.visualstudio from version 2.0.16 to 2.0.22
  com.unity.purchasing from version 4.1.5 to 4.9.3
  com.unity.test-framework from version 1.1.31 to 1.1.33
  com.unity.timeline from version 1.7.1 to 1.7.6
